2019-08-06 16:05:25 Error: [SecurityException] The request has been black-holed
Request URL: /irohaboard/admin/courses/add
Stack Trace:
#0 C:\Users\miura\Dropbox\www\cake\lib\Cake\Controller\Component\SecurityComponent.php(250): SecurityComponent->_validateCsrf(Object(CoursesController))
#1 [internal function]: SecurityComponent->startup(Object(CoursesController))
#2 C:\Users\miura\Dropbox\www\cake\lib\Cake\Utility\ObjectCollection.php(129): call_user_func_array(Array, Array)
#3 [internal function]: ObjectCollection->trigger(Object(CakeEvent))
#4 C:\Users\miura\Dropbox\www\cake\lib\Cake\Event\CakeEventManager.php(243): call_user_func(Array, Object(CakeEvent))
#5 C:\Users\miura\Dropbox\www\cake\lib\Cake\Controller\Controller.php(678): CakeEventManager->dispatch(Object(CakeEvent))
#6 C:\Users\miura\Dropbox\www\cake\lib\Cake\Routing\Dispatcher.php(189): Controller->startupProcess()
#7 C:\Users\miura\Dropbox\www\cake\lib\Cake\Routing\Dispatcher.php(167): Dispatcher->_invoke(Object(CoursesController), Object(CakeRequest))
#8 C:\Users\miura\Dropbox\www\irohaboard\webroot\index.php(188): Dispatcher->dispatch(Object(CakeRequest), Object(CakeResponse))
#9 {main}
2019-08-07 14:55:59 Error: [MissingControllerException] Controller class UploadsController could not be found.
Exception Attributes: array (
  'class' => 'UploadsController',
  'plugin' => NULL,
)
Request URL: /irohaboard/uploads/20181205200354.png
Stack Trace:
#0 C:\Users\miura\Dropbox\www\irohaboard\webroot\index.php(188): Dispatcher->dispatch(Object(CakeRequest), Object(CakeResponse))
#1 {main}
